2019-05-29  19:09:00 INFO: Initializing historical data

2019-05-29  19:10:00 INFO: TIME: 20190529  19:09:00~-~20190529  19:10:00

2019-05-29  19:10:00 INFO: Signal 1 - Executing Trade

2019-05-29  19:10:00 INFO: JOB: Starting Manager

2019-05-29  19:10:05 INFO: INIT TRADE:20000.0~-~1.06207

2019-05-29  19:10:05 INFO: INIT TRADE:20000.0~-~1.06207

2019-05-29  19:11:00 INFO: TIME: 20190529  19:10:00~-~20190529  19:11:00

2019-05-29  19:11:13 INFO: CLOSED TRADE:20000.0~-~1.06216

2019-05-29  19:11:13 INFO: CLOSING LOGIC: TAKE PROFIT

2019-05-29  19:11:14 INFO: JOB: Stopping Manager

2019-05-29  19:12:00 INFO: TIME: 20190529  19:11:00~-~20190529  19:12:00

2019-05-29  19:12:00 INFO: Signal 1 - Executing Trade

2019-05-29  19:12:00 INFO: JOB: Starting Manager

2019-05-29  19:13:00 INFO: TIME: 20190529  19:12:00~-~20190529  19:13:00

2019-05-29  19:13:01 INFO: CLOSING LOGIC: NO FILL

2019-05-29  19:13:02 INFO: JOB: Stopping Manager

2019-05-29  19:14:00 INFO: TIME: 20190529  19:13:00~-~20190529  19:14:00

2019-05-29  19:14:00 INFO: Signal 1 - Executing Trade

2019-05-29  19:14:00 INFO: JOB: Starting Manager

2019-05-29  19:15:00 INFO: TIME: 20190529  19:14:00~-~20190529  19:15:00

2019-05-29  19:15:01 INFO: CLOSING LOGIC: NO FILL

2019-05-29  19:15:02 INFO: JOB: Stopping Manager

2019-05-29  19:16:00 INFO: TIME: 20190529  19:15:00~-~20190529  19:16:00

2019-05-29  19:16:00 INFO: Signal 1 - Executing Trade

2019-05-29  19:16:00 INFO: JOB: Starting Manager

2019-05-29  19:17:00 INFO: TIME: 20190529  19:16:00~-~20190529  19:17:00

2019-05-29  19:34:10 INFO: CLOSING LOGIC: NO FILL

2019-05-29  19:34:11 INFO: JOB: Stopping Manager

2019-05-29  19:35:00 INFO: TIME: 20190529  19:17:00~-~20190529  19:35:00

2019-05-29  19:35:00 INFO: Signal 1 - Executing Trade

2019-05-29  19:35:01 INFO: JOB: Starting Manager

2019-05-29  19:35:01 INFO: INIT TRADE:20000.0~-~1.06235

2019-05-29  19:35:01 INFO: INIT TRADE:20000.0~-~1.06235

2019-05-29  19:36:00 INFO: TIME: 20190529  19:35:00~-~20190529  19:36:00

2019-05-29  19:36:00 INFO: CLOSED TRADE:20000.0~-~1.06227

2019-05-29  19:36:00 INFO: CLOSING LOGIC: SOFT STOP

2019-05-29  19:36:01 INFO: JOB: Stopping Manager

2019-05-29  19:37:00 INFO: TIME: 20190529  19:36:00~-~20190529  19:37:00

2019-05-29  19:37:00 INFO: Signal 1 - Executing Trade

2019-05-29  19:37:00 INFO: JOB: Starting Manager

2019-05-29  19:38:00 INFO: TIME: 20190529  19:37:00~-~20190529  19:38:00

2019-05-29  19:38:01 INFO: CLOSING LOGIC: NO FILL

2019-05-29  19:38:02 INFO: JOB: Stopping Manager

2019-05-29  19:39:00 INFO: TIME: 20190529  19:38:00~-~20190529  19:39:00

2019-05-29  19:39:00 INFO: Signal 1 - Executing Trade

2019-05-29  19:39:00 INFO: JOB: Starting Manager

2019-05-29  19:39:22 INFO: INIT TRADE:20000.0~-~1.0623

2019-05-29  19:39:22 INFO: INIT TRADE:20000.0~-~1.0623

2019-05-29  19:39:24 INFO: CLOSED TRADE:20000.0~-~1.06235

2019-05-29  19:39:24 INFO: CLOSING LOGIC: TAKE PROFIT

2019-05-29  19:39:25 INFO: JOB: Stopping Manager

2019-05-29  19:40:00 INFO: TIME: 20190529  19:39:00~-~20190529  19:40:00

2019-05-29  19:40:00 INFO: Signal 1 - Executing Trade

2019-05-29  19:40:00 INFO: JOB: Starting Manager

2019-05-29  19:40:00 INFO: INIT TRADE:20000.0~-~1.06234

2019-05-29  19:40:00 INFO: INIT TRADE:20000.0~-~1.06234

2019-05-29  19:40:54 INFO: CLOSED TRADE:20000.0~-~1.0624

2019-05-29  19:40:54 INFO: CLOSING LOGIC: TAKE PROFIT

2019-05-29  19:40:55 INFO: JOB: Stopping Manager

2019-05-29  19:41:00 INFO: TIME: 20190529  19:40:00~-~20190529  19:41:00

2019-05-29  19:41:00 INFO: Signal 1 - Executing Trade

2019-05-29  19:41:00 INFO: JOB: Starting Manager

2019-05-29  19:42:00 INFO: TIME: 20190529  19:41:00~-~20190529  19:42:00

2019-05-29  19:42:01 INFO: CLOSING LOGIC: NO FILL

2019-05-29  19:42:02 INFO: JOB: Stopping Manager

2019-05-29  19:43:00 INFO: TIME: 20190529  19:42:00~-~20190529  19:43:00

2019-05-29  19:43:00 INFO: Signal 1 - Executing Trade

2019-05-29  19:43:00 INFO: JOB: Starting Manager

2019-05-29  19:44:00 INFO: TIME: 20190529  19:43:00~-~20190529  19:44:00

2019-05-29  19:44:01 INFO: CLOSING LOGIC: NO FILL

2019-05-29  19:44:02 INFO: JOB: Stopping Manager

2019-05-29  19:45:00 INFO: TIME: 20190529  19:44:00~-~20190529  19:45:00

2019-05-29  19:45:00 INFO: Signal 1 - Executing Trade

2019-05-29  19:45:00 INFO: JOB: Starting Manager

2019-05-29  19:47:00 INFO: Initializing historical data

2019-05-29  19:48:00 INFO: TIME: 20190529  19:47:00~-~20190529  19:48:00

2019-05-29  19:48:00 INFO: Signal 1 - Executing Trade

2019-05-29  19:48:00 INFO: JOB: Starting Manager

2019-05-29  19:49:00 INFO: TIME: 20190529  19:48:00~-~20190529  19:49:00

2019-05-29  19:49:01 INFO: CLOSING LOGIC: NO FILL

2019-05-29  19:49:02 INFO: JOB: Stopping Manager

2019-05-29  19:50:00 INFO: TIME: 20190529  19:49:00~-~20190529  19:50:00

2019-05-29  19:50:00 INFO: Signal 1 - Executing Trade

2019-05-29  19:50:00 INFO: JOB: Starting Manager

2019-05-29  19:50:56 INFO: INIT TRADE:20000.0~-~1.06212

2019-05-29  19:50:56 INFO: INIT TRADE:20000.0~-~1.06212

2019-05-29  19:50:56 INFO: CLOSED TRADE:20000.0~-~1.06202

2019-05-29  19:50:56 INFO: CLOSING LOGIC: HARD STOP

2019-05-29  19:50:57 INFO: JOB: Stopping Manager

