2019-05-29  19:09:00 INFO: Initializing historical data

2019-05-29  19:10:00 INFO: TIME: 20190529  19:09:00~-~20190529  19:10:00

2019-05-29  19:10:00 INFO: Signal 1 - Executing Trade

2019-05-29  19:10:00 INFO: JOB: Starting Manager

2019-05-29  19:10:05 INFO: INIT TRADE:20000.0~-~0.69188

2019-05-29  19:10:05 INFO: INIT TRADE:20000.0~-~0.69188

2019-05-29  19:11:00 INFO: TIME: 20190529  19:10:00~-~20190529  19:11:00

2019-05-29  19:11:13 INFO: CLOSED TRADE:20000.0~-~0.69195

2019-05-29  19:11:13 INFO: CLOSING LOGIC: TAKE PROFIT

2019-05-29  19:11:14 INFO: JOB: Stopping Manager

2019-05-29  19:12:00 INFO: TIME: 20190529  19:11:00~-~20190529  19:12:00

2019-05-29  19:12:00 INFO: Signal 1 - Executing Trade

2019-05-29  19:12:00 INFO: JOB: Starting Manager

2019-05-29  19:13:00 INFO: TIME: 20190529  19:12:00~-~20190529  19:13:00

2019-05-29  19:13:01 INFO: CLOSING LOGIC: NO FILL

2019-05-29  19:13:02 INFO: JOB: Stopping Manager

2019-05-29  19:14:00 INFO: TIME: 20190529  19:13:00~-~20190529  19:14:00

2019-05-29  19:14:00 INFO: Signal 1 - Executing Trade

2019-05-29  19:14:00 INFO: JOB: Starting Manager

2019-05-29  19:14:13 INFO: INIT TRADE:20000.0~-~0.69195

2019-05-29  19:14:13 INFO: INIT TRADE:20000.0~-~0.69195

2019-05-29  19:15:00 INFO: TIME: 20190529  19:14:00~-~20190529  19:15:00

2019-05-29  19:16:00 INFO: TIME: 20190529  19:15:00~-~20190529  19:16:00

2019-05-29  19:17:00 INFO: TIME: 20190529  19:16:00~-~20190529  19:17:00

2019-05-29  19:18:00 INFO: TIME: 20190529  19:17:00~-~20190529  19:18:00

2019-05-29  19:19:00 INFO: TIME: 20190529  19:18:00~-~20190529  19:19:00

2019-05-29  19:20:00 INFO: TIME: 20190529  19:19:00~-~20190529  19:20:00

2019-05-29  19:21:00 INFO: TIME: 20190529  19:20:00~-~20190529  19:21:00

2019-05-29  19:22:00 INFO: TIME: 20190529  19:21:00~-~20190529  19:22:00

2019-05-29  19:23:00 INFO: TIME: 20190529  19:22:00~-~20190529  19:23:00

2019-05-29  19:24:00 INFO: TIME: 20190529  19:23:00~-~20190529  19:24:00

2019-05-29  19:25:00 INFO: TIME: 20190529  19:24:00~-~20190529  19:25:00

2019-05-29  19:26:00 INFO: TIME: 20190529  19:25:00~-~20190529  19:26:00

2019-05-29  19:27:00 INFO: TIME: 20190529  19:26:00~-~20190529  19:27:00

2019-05-29  19:28:00 INFO: TIME: 20190529  19:27:00~-~20190529  19:28:00

2019-05-29  19:29:00 INFO: TIME: 20190529  19:28:00~-~20190529  19:29:00

2019-05-29  19:30:00 INFO: TIME: 20190529  19:29:00~-~20190529  19:30:00

2019-05-29  19:31:00 INFO: TIME: 20190529  19:30:00~-~20190529  19:31:00

2019-05-29  19:32:00 INFO: TIME: 20190529  19:31:00~-~20190529  19:32:00

2019-05-29  19:33:00 INFO: TIME: 20190529  19:32:00~-~20190529  19:33:00

2019-05-29  19:34:00 INFO: TIME: 20190529  19:33:00~-~20190529  19:34:00

2019-05-29  19:34:01 INFO: MATURITY State reached.

2019-05-29  19:34:10 INFO: MATURITY State reached.

2019-05-29  19:34:11 INFO: MATURITY State reached.

2019-05-29  19:34:11 INFO: MATURITY State reached.

2019-05-29  19:34:11 INFO: MATURITY State reached.

2019-05-29  19:34:11 INFO: MATURITY State reached.

2019-05-29  19:34:11 INFO: MATURITY State reached.

2019-05-29  19:34:11 INFO: MATURITY State reached.

2019-05-29  19:34:11 INFO: MATURITY State reached.

2019-05-29  19:34:11 INFO: MATURITY State reached.

2019-05-29  19:34:12 INFO: MATURITY State reached.

2019-05-29  19:34:12 INFO: MATURITY State reached.

2019-05-29  19:34:12 INFO: MATURITY State reached.

2019-05-29  19:34:17 INFO: CLOSED TRADE:20000.0~-~0.69184

2019-05-29  19:34:17 INFO: CLOSING LOGIC: HARD STOP

2019-05-29  19:34:18 INFO: JOB: Stopping Manager

2019-05-29  19:35:00 INFO: TIME: 20190529  19:34:00~-~20190529  19:35:00

2019-05-29  19:35:00 INFO: Signal 1 - Executing Trade

2019-05-29  19:35:00 INFO: JOB: Starting Manager

2019-05-29  19:36:00 INFO: TIME: 20190529  19:35:00~-~20190529  19:36:00

2019-05-29  19:36:01 INFO: CLOSING LOGIC: NO FILL

2019-05-29  19:36:02 INFO: JOB: Stopping Manager

2019-05-29  19:37:00 INFO: TIME: 20190529  19:36:00~-~20190529  19:37:00

2019-05-29  19:37:00 INFO: Signal 1 - Executing Trade

2019-05-29  19:37:00 INFO: JOB: Starting Manager

2019-05-29  19:37:03 INFO: INIT TRADE:20000.0~-~0.69193

2019-05-29  19:37:03 INFO: INIT TRADE:20000.0~-~0.69193

2019-05-29  19:38:00 INFO: TIME: 20190529  19:37:00~-~20190529  19:38:00

2019-05-29  19:38:28 INFO: CLOSED TRADE:20000.0~-~0.69191

2019-05-29  19:38:28 INFO: CLOSING LOGIC: SOFT STOP

2019-05-29  19:38:29 INFO: JOB: Stopping Manager

2019-05-29  19:39:00 INFO: TIME: 20190529  19:38:00~-~20190529  19:39:00

2019-05-29  19:39:00 INFO: Signal 1 - Executing Trade

2019-05-29  19:39:00 INFO: JOB: Starting Manager

2019-05-29  19:39:19 INFO: INIT TRADE:20000.0~-~0.6919

2019-05-29  19:39:19 INFO: INIT TRADE:20000.0~-~0.6919

2019-05-29  19:40:00 INFO: TIME: 20190529  19:39:00~-~20190529  19:40:00

2019-05-29  19:40:40 INFO: CLOSED TRADE:20000.0~-~0.69195

2019-05-29  19:40:40 INFO: CLOSING LOGIC: TAKE PROFIT

2019-05-29  19:40:41 INFO: JOB: Stopping Manager

2019-05-29  19:41:00 INFO: TIME: 20190529  19:40:00~-~20190529  19:41:00

2019-05-29  19:41:00 INFO: Signal 1 - Executing Trade

2019-05-29  19:41:00 INFO: JOB: Starting Manager

2019-05-29  19:41:00 INFO: INIT TRADE:20000.0~-~0.69198

2019-05-29  19:41:00 INFO: INIT TRADE:20000.0~-~0.69198

2019-05-29  19:42:00 INFO: TIME: 20190529  19:41:00~-~20190529  19:42:00

2019-05-29  19:43:00 INFO: TIME: 20190529  19:42:00~-~20190529  19:43:00

2019-05-29  19:44:00 INFO: TIME: 20190529  19:43:00~-~20190529  19:44:00

2019-05-29  19:45:00 INFO: TIME: 20190529  19:44:00~-~20190529  19:45:00

2019-05-29  19:45:13 INFO: CLOSED TRADE:20000.0~-~0.69206

2019-05-29  19:45:13 INFO: CLOSING LOGIC: SOFT STOP

2019-05-29  19:45:14 INFO: JOB: Stopping Manager

2019-05-29  19:47:00 INFO: Initializing historical data

2019-05-29  19:48:00 INFO: TIME: 20190529  19:47:00~-~20190529  19:48:00

2019-05-29  19:48:01 INFO: Signal 1 - Executing Trade

2019-05-29  19:48:01 INFO: JOB: Starting Manager

2019-05-29  19:48:20 INFO: INIT TRADE:20000.0~-~0.69184

2019-05-29  19:48:20 INFO: INIT TRADE:20000.0~-~0.69184

2019-05-29  19:49:00 INFO: TIME: 20190529  19:48:00~-~20190529  19:49:00

2019-05-29  19:49:41 INFO: CLOSED TRADE:20000.0~-~0.6919

2019-05-29  19:49:41 INFO: CLOSING LOGIC: TAKE PROFIT

2019-05-29  19:49:42 INFO: JOB: Stopping Manager

2019-05-29  19:50:00 INFO: TIME: 20190529  19:49:00~-~20190529  19:50:00

2019-05-29  19:50:00 INFO: Signal 1 - Executing Trade

2019-05-29  19:50:00 INFO: JOB: Starting Manager

