2019-05-22  17:29:00 INFO: Initializing historical data

2019-05-22  17:30:00 INFO: TIME: 20190522  17:25:00~-~20190522  17:30:00

2019-05-22  17:35:00 INFO: TIME: 20190522  17:30:00~-~20190522  17:35:00

2019-05-22  17:40:00 INFO: TIME: 20190522  17:35:00~-~20190522  17:40:00

2019-05-22  17:45:00 INFO: TIME: 20190522  17:40:00~-~20190522  17:45:00

2019-05-22  17:50:00 INFO: TIME: 20190522  17:45:00~-~20190522  17:50:00

2019-05-22  17:55:00 INFO: TIME: 20190522  17:50:00~-~20190522  17:55:00

2019-05-22  18:00:00 INFO: TIME: 20190522  17:55:00~-~20190522  18:00:00

2019-05-22  18:05:00 INFO: TIME: 20190522  18:00:00~-~20190522  18:05:00

2019-05-22  18:10:00 INFO: TIME: 20190522  18:05:00~-~20190522  18:10:00

2019-05-22  18:15:00 INFO: TIME: 20190522  18:10:00~-~20190522  18:15:00

2019-05-22  18:20:00 INFO: TIME: 20190522  18:15:00~-~20190522  18:20:00

2019-05-22  18:25:00 INFO: TIME: 20190522  18:20:00~-~20190522  18:25:00

2019-05-22  18:30:00 INFO: TIME: 20190522  18:25:00~-~20190522  18:30:00

2019-05-22  18:35:00 INFO: TIME: 20190522  18:30:00~-~20190522  18:35:00

2019-05-22  18:40:00 INFO: TIME: 20190522  18:35:00~-~20190522  18:40:00

2019-05-22  18:45:00 INFO: TIME: 20190522  18:40:00~-~20190522  18:45:00

2019-05-22  18:50:00 INFO: TIME: 20190522  18:45:00~-~20190522  18:50:00

2019-05-22  18:55:00 INFO: TIME: 20190522  18:50:00~-~20190522  18:55:00

2019-05-22  19:00:00 INFO: TIME: 20190522  18:55:00~-~20190522  19:00:00

2019-05-22  19:05:00 INFO: TIME: 20190522  19:00:00~-~20190522  19:05:00

2019-05-22  19:05:00 INFO: Signal 1 - Executing Trade

2019-05-22  19:05:00 INFO: JOB: Starting Manager

2019-05-22  19:05:47 INFO: INIT TRADE:20000.0~-~109.275

2019-05-22  19:05:47 INFO: INIT TRADE:20000.0~-~109.275

2019-05-22  19:08:53 INFO: CLOSED TRADE:20000.0~-~109.262

2019-05-22  19:08:53 INFO: CLOSING LOGIC: HARD STOP

2019-05-22  19:08:54 INFO: JOB: Stopping Manager

2019-05-22  19:10:00 INFO: TIME: 20190522  19:05:00~-~20190522  19:10:00

2019-05-22  19:15:00 INFO: TIME: 20190522  19:10:00~-~20190522  19:15:00

2019-05-22  19:20:00 INFO: TIME: 20190522  19:15:00~-~20190522  19:20:00

2019-05-22  19:25:00 INFO: TIME: 20190522  19:20:00~-~20190522  19:25:00

2019-05-22  19:30:00 INFO: TIME: 20190522  19:25:00~-~20190522  19:30:00

2019-05-22  19:35:00 INFO: TIME: 20190522  19:30:00~-~20190522  19:35:00

2019-05-22  19:40:00 INFO: TIME: 20190522  19:35:00~-~20190522  19:40:00

2019-05-22  19:45:00 INFO: TIME: 20190522  19:40:00~-~20190522  19:45:00

