2019-05-22  17:28:38 INFO: -1~-~2104~-~Market data farm connection is OK:cashfarm

2019-05-22  17:28:38 INFO: -1~-~2107~-~HMDS data farm connection is inactive but should be available upon demand.cashhmds

2019-05-22  17:28:38 INFO: -1~-~2104~-~Market data farm connection is OK:cashfarm

2019-05-22  17:28:38 INFO: -1~-~2107~-~HMDS data farm connection is inactive but should be available upon demand.cashhmds

2019-05-22  17:29:00 INFO: -1~-~2106~-~HMDS data farm connection is OK:cashhmds

2019-05-22  17:29:00 INFO: -1~-~2106~-~HMDS data farm connection is OK:cashhmds

2019-05-22  19:05:01 INFO: 242~-~399~-~Order Message:
BUY 20K CHF.JPY Forex
Warning: Your order size is below the CHF 25000 IdealPro minimum and will be routed as an odd lot order.

2019-05-22  19:05:47 INFO: 243~-~2102~-~Unable to modify this order as its still being processed.

2019-05-22  19:05:47 INFO: 243~-~399~-~Order Message:
SELL 20K CHF.JPY Forex
Warning: Your order size is below the CHF 25000 IdealPro minimum and will be routed as an odd lot order.

2019-05-22  19:08:53 INFO: 244~-~399~-~Order Message:
SELL 20K CHF.JPY Forex
Warning: Your order size is below the CHF 25000 IdealPro minimum and will be routed as an odd lot order.

2019-05-22  19:08:53 INFO: 242~-~10147~-~OrderId 242 that needs to be cancelled is not found.

2019-05-22  19:08:53 INFO: 244~-~10148~-~OrderId 244 that needs to be cancelled can not be cancelled, state: Filled.

2019-05-22  19:08:53 INFO: 243~-~202~-~Order Canceled - reason:

2019-05-22  19:40:01 INFO: 245~-~399~-~Order Message:
BUY 20K NZD.USD Forex
Warning: Your order size is below the NZD 35000 IdealPro minimum and will be routed as an odd lot order.

2019-05-22  19:45:01 INFO: 246~-~10147~-~OrderId 246 that needs to be cancelled is not found.

2019-05-22  19:45:01 INFO: 247~-~10147~-~OrderId 247 that needs to be cancelled is not found.

2019-05-22  19:45:01 INFO: 245~-~202~-~Order Canceled - reason:

