2019-05-29  19:09:00 INFO: Initializing historical data

2019-05-29  19:10:00 INFO: TIME: 20190529  19:09:00~-~20190529  19:10:00

2019-05-29  19:10:00 INFO: Signal 1 - Executing Trade

2019-05-29  19:10:00 INFO: JOB: Starting Manager

2019-05-29  19:11:00 INFO: TIME: 20190529  19:10:00~-~20190529  19:11:00

2019-05-29  19:11:01 INFO: CLOSING LOGIC: NO FILL

2019-05-29  19:11:02 INFO: JOB: Stopping Manager

2019-05-29  19:12:00 INFO: TIME: 20190529  19:11:00~-~20190529  19:12:00

2019-05-29  19:12:00 INFO: Signal 1 - Executing Trade

2019-05-29  19:12:00 INFO: JOB: Starting Manager

2019-05-29  19:12:45 INFO: INIT TRADE:20000.0~-~1.11365

2019-05-29  19:12:45 INFO: INIT TRADE:20000.0~-~1.11365

2019-05-29  19:13:00 INFO: TIME: 20190529  19:12:00~-~20190529  19:13:00

2019-05-29  19:14:00 INFO: TIME: 20190529  19:13:00~-~20190529  19:14:00

2019-05-29  19:15:00 INFO: TIME: 20190529  19:14:00~-~20190529  19:15:00

2019-05-29  19:16:00 INFO: TIME: 20190529  19:15:00~-~20190529  19:16:00

2019-05-29  19:17:00 INFO: TIME: 20190529  19:16:00~-~20190529  19:17:00

2019-05-29  19:18:00 INFO: TIME: 20190529  19:17:00~-~20190529  19:18:00

2019-05-29  19:19:00 INFO: TIME: 20190529  19:18:00~-~20190529  19:19:00

2019-05-29  19:20:00 INFO: TIME: 20190529  19:19:00~-~20190529  19:20:00

2019-05-29  19:21:00 INFO: TIME: 20190529  19:20:00~-~20190529  19:21:00

2019-05-29  19:22:00 INFO: TIME: 20190529  19:21:00~-~20190529  19:22:00

2019-05-29  19:23:00 INFO: TIME: 20190529  19:22:00~-~20190529  19:23:00

2019-05-29  19:24:00 INFO: TIME: 20190529  19:23:00~-~20190529  19:24:00

2019-05-29  19:25:00 INFO: TIME: 20190529  19:24:00~-~20190529  19:25:00

2019-05-29  19:26:00 INFO: TIME: 20190529  19:25:00~-~20190529  19:26:00

2019-05-29  19:27:00 INFO: TIME: 20190529  19:26:00~-~20190529  19:27:00

2019-05-29  19:28:00 INFO: TIME: 20190529  19:27:00~-~20190529  19:28:00

2019-05-29  19:29:00 INFO: TIME: 20190529  19:28:00~-~20190529  19:29:00

2019-05-29  19:30:00 INFO: TIME: 20190529  19:29:00~-~20190529  19:30:00

2019-05-29  19:31:00 INFO: TIME: 20190529  19:30:00~-~20190529  19:31:00

2019-05-29  19:32:00 INFO: TIME: 20190529  19:31:00~-~20190529  19:32:00

2019-05-29  19:32:01 INFO: MATURITY State reached.

2019-05-29  19:32:02 INFO: MATURITY State reached.

2019-05-29  19:32:03 INFO: MATURITY State reached.

2019-05-29  19:32:04 INFO: MATURITY State reached.

2019-05-29  19:32:05 INFO: MATURITY State reached.

2019-05-29  19:32:06 INFO: MATURITY State reached.

2019-05-29  19:32:07 INFO: MATURITY State reached.

2019-05-29  19:32:08 INFO: MATURITY State reached.

2019-05-29  19:32:09 INFO: MATURITY State reached.

2019-05-29  19:32:10 INFO: MATURITY State reached.

2019-05-29  19:32:11 INFO: MATURITY State reached.

2019-05-29  19:32:12 INFO: MATURITY State reached.

2019-05-29  19:32:13 INFO: MATURITY State reached.

2019-05-29  19:32:14 INFO: MATURITY State reached.

2019-05-29  19:32:15 INFO: MATURITY State reached.

2019-05-29  19:32:16 INFO: MATURITY State reached.

2019-05-29  19:32:17 INFO: MATURITY State reached.

2019-05-29  19:32:18 INFO: MATURITY State reached.

2019-05-29  19:32:19 INFO: MATURITY State reached.

2019-05-29  19:32:20 INFO: MATURITY State reached.

2019-05-29  19:32:21 INFO: MATURITY State reached.

2019-05-29  19:32:22 INFO: MATURITY State reached.

2019-05-29  19:32:23 INFO: MATURITY State reached.

2019-05-29  19:32:24 INFO: MATURITY State reached.

2019-05-29  19:32:25 INFO: MATURITY State reached.

2019-05-29  19:32:26 INFO: MATURITY State reached.

2019-05-29  19:32:27 INFO: MATURITY State reached.

2019-05-29  19:32:28 INFO: MATURITY State reached.

2019-05-29  19:32:29 INFO: MATURITY State reached.

2019-05-29  19:32:30 INFO: MATURITY State reached.

2019-05-29  19:32:31 INFO: MATURITY State reached.

2019-05-29  19:32:32 INFO: MATURITY State reached.

2019-05-29  19:32:33 INFO: MATURITY State reached.

2019-05-29  19:32:34 INFO: MATURITY State reached.

2019-05-29  19:32:35 INFO: MATURITY State reached.

2019-05-29  19:32:36 INFO: MATURITY State reached.

2019-05-29  19:32:37 INFO: MATURITY State reached.

2019-05-29  19:32:38 INFO: MATURITY State reached.

2019-05-29  19:32:39 INFO: MATURITY State reached.

2019-05-29  19:32:40 INFO: MATURITY State reached.

2019-05-29  19:32:41 INFO: MATURITY State reached.

2019-05-29  19:32:42 INFO: MATURITY State reached.

2019-05-29  19:32:43 INFO: MATURITY State reached.

2019-05-29  19:32:44 INFO: MATURITY State reached.

2019-05-29  19:32:45 INFO: MATURITY State reached.

2019-05-29  19:32:46 INFO: MATURITY State reached.

2019-05-29  19:32:47 INFO: MATURITY State reached.

2019-05-29  19:32:48 INFO: MATURITY State reached.

2019-05-29  19:32:49 INFO: MATURITY State reached.

2019-05-29  19:32:50 INFO: MATURITY State reached.

2019-05-29  19:32:51 INFO: MATURITY State reached.

2019-05-29  19:32:52 INFO: MATURITY State reached.

2019-05-29  19:32:53 INFO: MATURITY State reached.

2019-05-29  19:32:54 INFO: MATURITY State reached.

2019-05-29  19:32:55 INFO: MATURITY State reached.

2019-05-29  19:32:56 INFO: MATURITY State reached.

2019-05-29  19:32:57 INFO: MATURITY State reached.

2019-05-29  19:32:58 INFO: MATURITY State reached.

2019-05-29  19:32:59 INFO: MATURITY State reached.

2019-05-29  19:33:00 INFO: MATURITY State reached.

2019-05-29  19:33:00 INFO: TIME: 20190529  19:32:00~-~20190529  19:33:00

2019-05-29  19:33:01 INFO: MATURITY State reached.

2019-05-29  19:33:02 INFO: MATURITY State reached.

2019-05-29  19:33:03 INFO: MATURITY State reached.

2019-05-29  19:33:04 INFO: MATURITY State reached.

2019-05-29  19:33:05 INFO: MATURITY State reached.

2019-05-29  19:33:06 INFO: MATURITY State reached.

2019-05-29  19:33:07 INFO: MATURITY State reached.

2019-05-29  19:33:08 INFO: MATURITY State reached.

2019-05-29  19:33:09 INFO: MATURITY State reached.

2019-05-29  19:33:10 INFO: MATURITY State reached.

2019-05-29  19:33:11 INFO: MATURITY State reached.

2019-05-29  19:33:12 INFO: MATURITY State reached.

2019-05-29  19:33:13 INFO: MATURITY State reached.

2019-05-29  19:33:14 INFO: MATURITY State reached.

2019-05-29  19:33:15 INFO: MATURITY State reached.

2019-05-29  19:33:16 INFO: MATURITY State reached.

2019-05-29  19:33:17 INFO: MATURITY State reached.

2019-05-29  19:33:18 INFO: MATURITY State reached.

2019-05-29  19:33:19 INFO: MATURITY State reached.

2019-05-29  19:33:20 INFO: MATURITY State reached.

2019-05-29  19:33:21 INFO: MATURITY State reached.

2019-05-29  19:33:22 INFO: MATURITY State reached.

2019-05-29  19:33:23 INFO: MATURITY State reached.

2019-05-29  19:33:24 INFO: MATURITY State reached.

2019-05-29  19:33:25 INFO: MATURITY State reached.

2019-05-29  19:33:26 INFO: MATURITY State reached.

2019-05-29  19:33:27 INFO: MATURITY State reached.

2019-05-29  19:33:28 INFO: MATURITY State reached.

2019-05-29  19:33:29 INFO: MATURITY State reached.

2019-05-29  19:33:30 INFO: MATURITY State reached.

2019-05-29  19:33:31 INFO: MATURITY State reached.

2019-05-29  19:33:32 INFO: MATURITY State reached.

2019-05-29  19:33:33 INFO: MATURITY State reached.

2019-05-29  19:33:34 INFO: MATURITY State reached.

2019-05-29  19:33:35 INFO: MATURITY State reached.

2019-05-29  19:33:36 INFO: MATURITY State reached.

2019-05-29  19:33:37 INFO: MATURITY State reached.

2019-05-29  19:33:38 INFO: MATURITY State reached.

2019-05-29  19:33:39 INFO: MATURITY State reached.

2019-05-29  19:33:40 INFO: MATURITY State reached.

2019-05-29  19:33:41 INFO: MATURITY State reached.

2019-05-29  19:33:42 INFO: MATURITY State reached.

2019-05-29  19:33:43 INFO: MATURITY State reached.

2019-05-29  19:33:44 INFO: MATURITY State reached.

2019-05-29  19:33:45 INFO: MATURITY State reached.

2019-05-29  19:33:46 INFO: MATURITY State reached.

2019-05-29  19:33:47 INFO: MATURITY State reached.

2019-05-29  19:33:48 INFO: MATURITY State reached.

2019-05-29  19:33:49 INFO: MATURITY State reached.

2019-05-29  19:33:50 INFO: MATURITY State reached.

2019-05-29  19:33:51 INFO: MATURITY State reached.

2019-05-29  19:33:52 INFO: MATURITY State reached.

2019-05-29  19:33:53 INFO: MATURITY State reached.

2019-05-29  19:33:54 INFO: MATURITY State reached.

2019-05-29  19:33:55 INFO: MATURITY State reached.

2019-05-29  19:33:56 INFO: MATURITY State reached.

2019-05-29  19:33:57 INFO: MATURITY State reached.

2019-05-29  19:33:58 INFO: MATURITY State reached.

2019-05-29  19:33:59 INFO: MATURITY State reached.

2019-05-29  19:34:00 INFO: MATURITY State reached.

2019-05-29  19:34:00 INFO: TIME: 20190529  19:33:00~-~20190529  19:34:00

2019-05-29  19:34:01 INFO: MATURITY State reached.

2019-05-29  19:34:02 INFO: MATURITY State reached.

2019-05-29  19:34:03 INFO: MATURITY State reached.

2019-05-29  19:34:04 INFO: MATURITY State reached.

2019-05-29  19:34:05 INFO: MATURITY State reached.

2019-05-29  19:34:06 INFO: MATURITY State reached.

2019-05-29  19:34:07 INFO: MATURITY State reached.

2019-05-29  19:34:08 INFO: MATURITY State reached.

2019-05-29  19:34:09 INFO: MATURITY State reached.

2019-05-29  19:34:10 INFO: MATURITY State reached.

2019-05-29  19:34:10 INFO: MATURITY State reached.

2019-05-29  19:34:10 INFO: MATURITY State reached.

2019-05-29  19:34:10 INFO: MATURITY State reached.

2019-05-29  19:34:10 INFO: MATURITY State reached.

2019-05-29  19:34:10 INFO: MATURITY State reached.

2019-05-29  19:34:11 INFO: MATURITY State reached.

2019-05-29  19:34:11 INFO: MATURITY State reached.

2019-05-29  19:34:12 INFO: MATURITY State reached.

2019-05-29  19:34:13 INFO: MATURITY State reached.

2019-05-29  19:34:13 INFO: MATURITY State reached.

2019-05-29  19:34:13 INFO: MATURITY State reached.

2019-05-29  19:34:13 INFO: MATURITY State reached.

2019-05-29  19:34:13 INFO: MATURITY State reached.

2019-05-29  19:34:13 INFO: MATURITY State reached.

2019-05-29  19:34:13 INFO: MATURITY State reached.

2019-05-29  19:34:13 INFO: MATURITY State reached.

2019-05-29  19:34:13 INFO: MATURITY State reached.

2019-05-29  19:34:13 INFO: MATURITY State reached.

2019-05-29  19:34:13 INFO: MATURITY State reached.

2019-05-29  19:34:13 INFO: MATURITY State reached.

2019-05-29  19:34:13 INFO: MATURITY State reached.

2019-05-29  19:34:14 INFO: MATURITY State reached.

2019-05-29  19:34:14 INFO: MATURITY State reached.

2019-05-29  19:34:14 INFO: MATURITY State reached.

2019-05-29  19:34:14 INFO: MATURITY State reached.

2019-05-29  19:34:14 INFO: MATURITY State reached.

2019-05-29  19:34:14 INFO: MATURITY State reached.

2019-05-29  19:34:14 INFO: MATURITY State reached.

2019-05-29  19:34:14 INFO: MATURITY State reached.

2019-05-29  19:34:14 INFO: MATURITY State reached.

2019-05-29  19:34:14 INFO: MATURITY State reached.

2019-05-29  19:34:14 INFO: MATURITY State reached.

2019-05-29  19:34:15 INFO: MATURITY State reached.

2019-05-29  19:34:15 INFO: MATURITY State reached.

2019-05-29  19:34:15 INFO: MATURITY State reached.

2019-05-29  19:34:15 INFO: MATURITY State reached.

2019-05-29  19:34:15 INFO: MATURITY State reached.

2019-05-29  19:34:15 INFO: MATURITY State reached.

2019-05-29  19:34:15 INFO: MATURITY State reached.

2019-05-29  19:34:15 INFO: MATURITY State reached.

2019-05-29  19:34:15 INFO: CLOSED TRADE:20000.0~-~1.1137

2019-05-29  19:34:15 INFO: CLOSING LOGIC: HARD STOP

2019-05-29  19:34:16 INFO: JOB: Stopping Manager

2019-05-29  19:35:00 INFO: TIME: 20190529  19:34:00~-~20190529  19:35:00

2019-05-29  19:35:00 INFO: Signal 1 - Executing Trade

2019-05-29  19:35:00 INFO: JOB: Starting Manager

2019-05-29  19:35:14 INFO: INIT TRADE:20000.0~-~1.11364

2019-05-29  19:35:14 INFO: INIT TRADE:20000.0~-~1.11364

2019-05-29  19:36:00 INFO: TIME: 20190529  19:35:00~-~20190529  19:36:00

2019-05-29  19:37:00 INFO: TIME: 20190529  19:36:00~-~20190529  19:37:00

2019-05-29  19:38:00 INFO: TIME: 20190529  19:37:00~-~20190529  19:38:00

2019-05-29  19:38:00 INFO: CLOSED TRADE:20000.0~-~1.1136

2019-05-29  19:38:00 INFO: CLOSING LOGIC: SOFT STOP

2019-05-29  19:38:01 INFO: JOB: Stopping Manager

2019-05-29  19:39:00 INFO: TIME: 20190529  19:38:00~-~20190529  19:39:00

2019-05-29  19:39:00 INFO: Signal 1 - Executing Trade

2019-05-29  19:39:00 INFO: JOB: Starting Manager

2019-05-29  19:39:03 INFO: INIT TRADE:20000.0~-~1.11365

2019-05-29  19:39:03 INFO: INIT TRADE:20000.0~-~1.11365

2019-05-29  19:40:00 INFO: TIME: 20190529  19:39:00~-~20190529  19:40:00

2019-05-29  19:41:00 INFO: TIME: 20190529  19:40:00~-~20190529  19:41:00

2019-05-29  19:42:00 INFO: TIME: 20190529  19:41:00~-~20190529  19:42:00

2019-05-29  19:43:00 INFO: TIME: 20190529  19:42:00~-~20190529  19:43:00

2019-05-29  19:43:01 INFO: CLOSED TRADE:20000.0~-~1.1136

2019-05-29  19:43:01 INFO: CLOSING LOGIC: SOFT STOP

2019-05-29  19:43:02 INFO: JOB: Stopping Manager

2019-05-29  19:44:00 INFO: TIME: 20190529  19:43:00~-~20190529  19:44:00

2019-05-29  19:44:00 INFO: Signal 1 - Executing Trade

2019-05-29  19:44:00 INFO: JOB: Starting Manager

2019-05-29  19:45:00 INFO: TIME: 20190529  19:44:00~-~20190529  19:45:00

2019-05-29  19:45:01 INFO: CLOSING LOGIC: NO FILL

2019-05-29  19:45:02 INFO: JOB: Stopping Manager

2019-05-29  19:47:00 INFO: Initializing historical data

2019-05-29  19:48:00 INFO: TIME: 20190529  19:47:00~-~20190529  19:48:00

2019-05-29  19:48:00 INFO: Signal 1 - Executing Trade

2019-05-29  19:48:00 INFO: JOB: Starting Manager

2019-05-29  19:49:00 INFO: TIME: 20190529  19:48:00~-~20190529  19:49:00

2019-05-29  19:49:01 INFO: CLOSING LOGIC: NO FILL

2019-05-29  19:49:02 INFO: JOB: Stopping Manager

2019-05-29  19:50:00 INFO: TIME: 20190529  19:49:00~-~20190529  19:50:00

2019-05-29  19:50:00 INFO: Signal 1 - Executing Trade

2019-05-29  19:50:00 INFO: JOB: Starting Manager

