2019-05-29  19:09:00 INFO: Initializing historical data

2019-05-29  19:10:00 INFO: TIME: 20190529  19:09:00~-~20190529  19:10:00

2019-05-29  19:10:00 INFO: Signal 1 - Executing Trade

2019-05-29  19:10:00 INFO: JOB: Starting Manager

2019-05-29  19:11:00 INFO: TIME: 20190529  19:10:00~-~20190529  19:11:00

2019-05-29  19:11:01 INFO: CLOSING LOGIC: NO FILL

2019-05-29  19:11:02 INFO: JOB: Stopping Manager

2019-05-29  19:12:00 INFO: TIME: 20190529  19:11:00~-~20190529  19:12:00

2019-05-29  19:12:00 INFO: Signal 1 - Executing Trade

2019-05-29  19:12:00 INFO: JOB: Starting Manager

2019-05-29  19:13:00 INFO: TIME: 20190529  19:12:00~-~20190529  19:13:00

2019-05-29  19:13:01 INFO: CLOSING LOGIC: NO FILL

2019-05-29  19:13:02 INFO: JOB: Stopping Manager

2019-05-29  19:14:00 INFO: TIME: 20190529  19:13:00~-~20190529  19:14:00

2019-05-29  19:14:00 INFO: Signal 1 - Executing Trade

2019-05-29  19:14:00 INFO: JOB: Starting Manager

2019-05-29  19:14:40 INFO: INIT TRADE:20000.0~-~138.405

2019-05-29  19:14:40 INFO: INIT TRADE:20000.0~-~138.405

2019-05-29  19:15:00 INFO: TIME: 20190529  19:14:00~-~20190529  19:15:00

2019-05-29  19:15:00 INFO: CLOSED TRADE:20000.0~-~138.398

2019-05-29  19:15:00 INFO: CLOSING LOGIC: SOFT STOP

2019-05-29  19:15:01 INFO: JOB: Stopping Manager

2019-05-29  19:16:00 INFO: TIME: 20190529  19:15:00~-~20190529  19:16:00

2019-05-29  19:16:00 INFO: Signal 1 - Executing Trade

2019-05-29  19:16:00 INFO: JOB: Starting Manager

2019-05-29  19:17:00 INFO: TIME: 20190529  19:16:00~-~20190529  19:17:00

2019-05-29  19:34:10 INFO: CLOSING LOGIC: NO FILL

2019-05-29  19:34:11 INFO: JOB: Stopping Manager

2019-05-29  19:35:00 INFO: TIME: 20190529  19:17:00~-~20190529  19:35:00

2019-05-29  19:35:00 INFO: Signal 1 - Executing Trade

2019-05-29  19:35:00 INFO: JOB: Starting Manager

2019-05-29  19:35:00 INFO: INIT TRADE:20000.0~-~138.393

2019-05-29  19:35:00 INFO: INIT TRADE:20000.0~-~138.393

2019-05-29  19:35:07 INFO: CLOSED TRADE:20000.0~-~138.38

2019-05-29  19:35:07 INFO: CLOSING LOGIC: HARD STOP

2019-05-29  19:35:08 INFO: JOB: Stopping Manager

2019-05-29  19:36:00 INFO: TIME: 20190529  19:35:00~-~20190529  19:36:00

2019-05-29  19:36:00 INFO: Signal 1 - Executing Trade

2019-05-29  19:36:00 INFO: JOB: Starting Manager

2019-05-29  19:37:00 INFO: TIME: 20190529  19:36:00~-~20190529  19:37:00

2019-05-29  19:37:01 INFO: CLOSING LOGIC: NO FILL

2019-05-29  19:37:02 INFO: JOB: Stopping Manager

2019-05-29  19:38:00 INFO: TIME: 20190529  19:37:00~-~20190529  19:38:00

2019-05-29  19:38:00 INFO: Signal 1 - Executing Trade

2019-05-29  19:38:00 INFO: JOB: Starting Manager

2019-05-29  19:38:15 INFO: INIT TRADE:20000.0~-~138.38

2019-05-29  19:38:15 INFO: INIT TRADE:20000.0~-~138.38

2019-05-29  19:39:00 INFO: TIME: 20190529  19:38:00~-~20190529  19:39:00

2019-05-29  19:40:00 INFO: TIME: 20190529  19:39:00~-~20190529  19:40:00

2019-05-29  19:41:00 INFO: TIME: 20190529  19:40:00~-~20190529  19:41:00

2019-05-29  19:41:37 INFO: CLOSED TRADE:20000.0~-~138.388

2019-05-29  19:41:37 INFO: CLOSING LOGIC: TAKE PROFIT

2019-05-29  19:41:38 INFO: JOB: Stopping Manager

2019-05-29  19:42:00 INFO: TIME: 20190529  19:41:00~-~20190529  19:42:00

2019-05-29  19:42:00 INFO: Signal 1 - Executing Trade

2019-05-29  19:42:00 INFO: JOB: Starting Manager

2019-05-29  19:43:00 INFO: TIME: 20190529  19:42:00~-~20190529  19:43:00

2019-05-29  19:43:01 INFO: CLOSING LOGIC: NO FILL

2019-05-29  19:43:02 INFO: JOB: Stopping Manager

2019-05-29  19:44:00 INFO: TIME: 20190529  19:43:00~-~20190529  19:44:00

2019-05-29  19:44:00 INFO: Signal 1 - Executing Trade

2019-05-29  19:44:00 INFO: JOB: Starting Manager

2019-05-29  19:45:00 INFO: TIME: 20190529  19:44:00~-~20190529  19:45:00

2019-05-29  19:45:01 INFO: CLOSING LOGIC: NO FILL

2019-05-29  19:45:02 INFO: JOB: Stopping Manager

2019-05-29  19:47:00 INFO: Initializing historical data

2019-05-29  19:48:00 INFO: TIME: 20190529  19:47:00~-~20190529  19:48:00

2019-05-29  19:48:00 INFO: Signal 1 - Executing Trade

2019-05-29  19:48:00 INFO: JOB: Starting Manager

2019-05-29  19:48:01 INFO: INIT TRADE:20000.0~-~138.38

2019-05-29  19:48:01 INFO: INIT TRADE:20000.0~-~138.38

2019-05-29  19:48:01 INFO: CLOSED TRADE:20000.0~-~138.367

2019-05-29  19:48:01 INFO: CLOSING LOGIC: HARD STOP

2019-05-29  19:48:02 INFO: JOB: Stopping Manager

2019-05-29  19:49:00 INFO: TIME: 20190529  19:48:00~-~20190529  19:49:00

2019-05-29  19:49:00 INFO: Signal 1 - Executing Trade

2019-05-29  19:49:00 INFO: JOB: Starting Manager

2019-05-29  19:49:16 INFO: INIT TRADE:20000.0~-~138.345

2019-05-29  19:49:16 INFO: INIT TRADE:20000.0~-~138.345

2019-05-29  19:49:35 INFO: CLOSED TRADE:20000.0~-~138.334

2019-05-29  19:49:35 INFO: CLOSING LOGIC: HARD STOP

2019-05-29  19:49:36 INFO: JOB: Stopping Manager

2019-05-29  19:50:00 INFO: TIME: 20190529  19:49:00~-~20190529  19:50:00

2019-05-29  19:50:00 INFO: Signal 1 - Executing Trade

2019-05-29  19:50:00 INFO: JOB: Starting Manager

2019-05-29  19:50:32 INFO: INIT TRADE:20000.0~-~138.35

2019-05-29  19:50:32 INFO: INIT TRADE:20000.0~-~138.35

2019-05-29  19:50:33 INFO: CLOSED TRADE:20000.0~-~138.338

2019-05-29  19:50:33 INFO: CLOSING LOGIC: HARD STOP

2019-05-29  19:50:34 INFO: JOB: Stopping Manager

