2019-05-29  19:09:00 INFO: Initializing historical data

2019-05-29  19:10:00 INFO: TIME: 20190529  19:09:00~-~20190529  19:10:00

2019-05-29  19:10:00 INFO: Signal 1 - Executing Trade

2019-05-29  19:10:00 INFO: JOB: Starting Manager

2019-05-29  19:10:36 INFO: INIT TRADE:20000.0~-~1.26285

2019-05-29  19:10:36 INFO: INIT TRADE:20000.0~-~1.26285

2019-05-29  19:11:00 INFO: TIME: 20190529  19:10:00~-~20190529  19:11:00

2019-05-29  19:12:00 INFO: TIME: 20190529  19:11:00~-~20190529  19:12:00

2019-05-29  19:13:00 INFO: TIME: 20190529  19:12:00~-~20190529  19:13:00

2019-05-29  19:14:00 INFO: TIME: 20190529  19:13:00~-~20190529  19:14:00

2019-05-29  19:14:08 INFO: CLOSED TRADE:20000.0~-~1.26292

2019-05-29  19:14:08 INFO: CLOSING LOGIC: TAKE PROFIT

2019-05-29  19:14:09 INFO: JOB: Stopping Manager

2019-05-29  19:15:00 INFO: TIME: 20190529  19:14:00~-~20190529  19:15:00

2019-05-29  19:15:00 INFO: Signal 1 - Executing Trade

2019-05-29  19:15:00 INFO: JOB: Starting Manager

2019-05-29  19:15:00 INFO: INIT TRADE:20000.0~-~1.26289

2019-05-29  19:15:00 INFO: INIT TRADE:20000.0~-~1.26289

2019-05-29  19:16:00 INFO: TIME: 20190529  19:15:00~-~20190529  19:16:00

2019-05-29  19:17:00 INFO: TIME: 20190529  19:16:00~-~20190529  19:17:00

2019-05-29  19:18:00 INFO: TIME: 20190529  19:17:00~-~20190529  19:18:00

2019-05-29  19:19:00 INFO: TIME: 20190529  19:18:00~-~20190529  19:19:00

2019-05-29  19:20:00 INFO: TIME: 20190529  19:19:00~-~20190529  19:20:00

2019-05-29  19:21:00 INFO: TIME: 20190529  19:20:00~-~20190529  19:21:00

2019-05-29  19:22:00 INFO: TIME: 20190529  19:21:00~-~20190529  19:22:00

2019-05-29  19:23:00 INFO: TIME: 20190529  19:22:00~-~20190529  19:23:00

2019-05-29  19:24:00 INFO: TIME: 20190529  19:23:00~-~20190529  19:24:00

2019-05-29  19:25:00 INFO: TIME: 20190529  19:24:00~-~20190529  19:25:00

2019-05-29  19:26:00 INFO: TIME: 20190529  19:25:00~-~20190529  19:26:00

2019-05-29  19:27:00 INFO: TIME: 20190529  19:26:00~-~20190529  19:27:00

2019-05-29  19:28:00 INFO: TIME: 20190529  19:27:00~-~20190529  19:28:00

2019-05-29  19:29:00 INFO: TIME: 20190529  19:28:00~-~20190529  19:29:00

2019-05-29  19:30:00 INFO: TIME: 20190529  19:29:00~-~20190529  19:30:00

2019-05-29  19:31:00 INFO: TIME: 20190529  19:30:00~-~20190529  19:31:00

2019-05-29  19:32:00 INFO: TIME: 20190529  19:31:00~-~20190529  19:32:00

2019-05-29  19:33:00 INFO: TIME: 20190529  19:32:00~-~20190529  19:33:00

2019-05-29  19:34:00 INFO: TIME: 20190529  19:33:00~-~20190529  19:34:00

2019-05-29  19:34:15 INFO: CLOSED TRADE:20000.0~-~1.26295

2019-05-29  19:34:15 INFO: CLOSING LOGIC: TAKE PROFIT

2019-05-29  19:34:16 INFO: JOB: Stopping Manager

2019-05-29  19:35:00 INFO: TIME: 20190529  19:34:00~-~20190529  19:35:00

2019-05-29  19:35:00 INFO: Signal 1 - Executing Trade

2019-05-29  19:35:00 INFO: JOB: Starting Manager

2019-05-29  19:35:07 INFO: INIT TRADE:20000.0~-~1.26295

2019-05-29  19:35:07 INFO: INIT TRADE:20000.0~-~1.26295

2019-05-29  19:35:07 INFO: CLOSED TRADE:20000.0~-~1.26285

2019-05-29  19:35:07 INFO: CLOSING LOGIC: HARD STOP

2019-05-29  19:35:08 INFO: JOB: Stopping Manager

2019-05-29  19:36:00 INFO: TIME: 20190529  19:35:00~-~20190529  19:36:00

2019-05-29  19:36:00 INFO: Signal 1 - Executing Trade

2019-05-29  19:36:00 INFO: JOB: Starting Manager

2019-05-29  19:37:00 INFO: TIME: 20190529  19:36:00~-~20190529  19:37:00

2019-05-29  19:37:01 INFO: CLOSING LOGIC: NO FILL

2019-05-29  19:37:02 INFO: JOB: Stopping Manager

2019-05-29  19:38:00 INFO: TIME: 20190529  19:37:00~-~20190529  19:38:00

2019-05-29  19:38:00 INFO: Signal 1 - Executing Trade

2019-05-29  19:38:00 INFO: JOB: Starting Manager

2019-05-29  19:39:00 INFO: TIME: 20190529  19:38:00~-~20190529  19:39:00

2019-05-29  19:39:00 INFO: CLOSING LOGIC: NO FILL

2019-05-29  19:39:01 INFO: JOB: Stopping Manager

2019-05-29  19:40:00 INFO: TIME: 20190529  19:39:00~-~20190529  19:40:00

2019-05-29  19:40:00 INFO: Signal 1 - Executing Trade

2019-05-29  19:40:00 INFO: JOB: Starting Manager

2019-05-29  19:41:00 INFO: TIME: 20190529  19:40:00~-~20190529  19:41:00

2019-05-29  19:41:00 INFO: CLOSING LOGIC: NO FILL

2019-05-29  19:41:01 INFO: JOB: Stopping Manager

2019-05-29  19:42:00 INFO: TIME: 20190529  19:41:00~-~20190529  19:42:00

2019-05-29  19:42:00 INFO: Signal 1 - Executing Trade

2019-05-29  19:42:00 INFO: JOB: Starting Manager

2019-05-29  19:42:09 INFO: INIT TRADE:20000.0~-~1.26295

2019-05-29  19:42:09 INFO: INIT TRADE:20000.0~-~1.26295

2019-05-29  19:42:26 INFO: CLOSED TRADE:20000.0~-~1.263

2019-05-29  19:42:26 INFO: CLOSING LOGIC: TAKE PROFIT

2019-05-29  19:42:27 INFO: JOB: Stopping Manager

2019-05-29  19:43:00 INFO: TIME: 20190529  19:42:00~-~20190529  19:43:00

2019-05-29  19:43:00 INFO: Signal 1 - Executing Trade

2019-05-29  19:43:00 INFO: JOB: Starting Manager

2019-05-29  19:43:00 INFO: INIT TRADE:20000.0~-~1.26295

2019-05-29  19:43:00 INFO: INIT TRADE:20000.0~-~1.26295

2019-05-29  19:44:00 INFO: TIME: 20190529  19:43:00~-~20190529  19:44:00

2019-05-29  19:45:00 INFO: TIME: 20190529  19:44:00~-~20190529  19:45:00

2019-05-29  19:47:00 INFO: Initializing historical data

2019-05-29  19:48:00 INFO: TIME: 20190529  19:47:00~-~20190529  19:48:00

2019-05-29  19:48:00 INFO: Signal 1 - Executing Trade

2019-05-29  19:48:00 INFO: JOB: Starting Manager

2019-05-29  19:49:00 INFO: TIME: 20190529  19:48:00~-~20190529  19:49:00

2019-05-29  19:49:01 INFO: CLOSING LOGIC: NO FILL

2019-05-29  19:49:02 INFO: JOB: Stopping Manager

2019-05-29  19:50:00 INFO: TIME: 20190529  19:49:00~-~20190529  19:50:00

2019-05-29  19:50:00 INFO: Signal 1 - Executing Trade

2019-05-29  19:50:00 INFO: JOB: Starting Manager

2019-05-29  19:50:32 INFO: INIT TRADE:20000.0~-~1.2629

2019-05-29  19:50:32 INFO: INIT TRADE:20000.0~-~1.2629

