2019-05-29  19:09:00 INFO: Initializing historical data

2019-05-29  19:10:00 INFO: TIME: 20190529  19:09:00~-~20190529  19:10:00

2019-05-29  19:10:00 INFO: Signal 1 - Executing Trade

2019-05-29  19:10:00 INFO: JOB: Starting Manager

2019-05-29  19:10:20 INFO: INIT TRADE:20000.0~-~1.35139

2019-05-29  19:10:20 INFO: INIT TRADE:20000.0~-~1.35139

2019-05-29  19:11:00 INFO: TIME: 20190529  19:10:00~-~20190529  19:11:00

2019-05-29  19:11:06 INFO: CLOSED TRADE:20000.0~-~1.35135

2019-05-29  19:11:06 INFO: CLOSING LOGIC: SOFT STOP

2019-05-29  19:11:07 INFO: JOB: Stopping Manager

2019-05-29  19:12:00 INFO: TIME: 20190529  19:11:00~-~20190529  19:12:00

2019-05-29  19:12:00 INFO: Signal 1 - Executing Trade

2019-05-29  19:12:00 INFO: JOB: Starting Manager

2019-05-29  19:13:00 INFO: TIME: 20190529  19:12:00~-~20190529  19:13:00

2019-05-29  19:13:01 INFO: CLOSING LOGIC: NO FILL

2019-05-29  19:13:02 INFO: JOB: Stopping Manager

2019-05-29  19:14:00 INFO: TIME: 20190529  19:13:00~-~20190529  19:14:00

2019-05-29  19:14:00 INFO: Signal 1 - Executing Trade

2019-05-29  19:14:00 INFO: JOB: Starting Manager

2019-05-29  19:15:00 INFO: TIME: 20190529  19:14:00~-~20190529  19:15:00

2019-05-29  19:15:01 INFO: CLOSING LOGIC: NO FILL

2019-05-29  19:15:02 INFO: JOB: Stopping Manager

2019-05-29  19:16:00 INFO: TIME: 20190529  19:15:00~-~20190529  19:16:00

2019-05-29  19:16:00 INFO: Signal 1 - Executing Trade

2019-05-29  19:16:00 INFO: JOB: Starting Manager

2019-05-29  19:17:00 INFO: TIME: 20190529  19:16:00~-~20190529  19:17:00

2019-05-29  19:34:10 INFO: CLOSING LOGIC: NO FILL

2019-05-29  19:34:11 INFO: JOB: Stopping Manager

2019-05-29  19:35:00 INFO: TIME: 20190529  19:17:00~-~20190529  19:35:00

2019-05-29  19:35:00 INFO: Signal 1 - Executing Trade

2019-05-29  19:35:00 INFO: JOB: Starting Manager

2019-05-29  19:36:00 INFO: TIME: 20190529  19:35:00~-~20190529  19:36:00

2019-05-29  19:36:01 INFO: CLOSING LOGIC: NO FILL

2019-05-29  19:36:02 INFO: JOB: Stopping Manager

2019-05-29  19:37:00 INFO: TIME: 20190529  19:36:00~-~20190529  19:37:00

2019-05-29  19:37:00 INFO: Signal 1 - Executing Trade

2019-05-29  19:37:00 INFO: JOB: Starting Manager

2019-05-29  19:37:57 INFO: INIT TRADE:20000.0~-~1.35134

2019-05-29  19:37:57 INFO: INIT TRADE:20000.0~-~1.35134

2019-05-29  19:38:00 INFO: TIME: 20190529  19:37:00~-~20190529  19:38:00

2019-05-29  19:39:00 INFO: TIME: 20190529  19:38:00~-~20190529  19:39:00

2019-05-29  19:39:24 INFO: CLOSED TRADE:20000.0~-~1.35121

2019-05-29  19:39:24 INFO: CLOSING LOGIC: HARD STOP

2019-05-29  19:39:25 INFO: JOB: Stopping Manager

2019-05-29  19:40:00 INFO: TIME: 20190529  19:39:00~-~20190529  19:40:00

2019-05-29  19:40:00 INFO: Signal 1 - Executing Trade

2019-05-29  19:40:00 INFO: JOB: Starting Manager

2019-05-29  19:41:00 INFO: TIME: 20190529  19:40:00~-~20190529  19:41:00

2019-05-29  19:41:00 INFO: CLOSING LOGIC: NO FILL

2019-05-29  19:41:01 INFO: JOB: Stopping Manager

2019-05-29  19:42:00 INFO: TIME: 20190529  19:41:00~-~20190529  19:42:00

2019-05-29  19:42:00 INFO: Signal 1 - Executing Trade

2019-05-29  19:42:00 INFO: JOB: Starting Manager

2019-05-29  19:43:00 INFO: TIME: 20190529  19:42:00~-~20190529  19:43:00

2019-05-29  19:43:01 INFO: CLOSING LOGIC: NO FILL

2019-05-29  19:43:02 INFO: JOB: Stopping Manager

2019-05-29  19:44:00 INFO: TIME: 20190529  19:43:00~-~20190529  19:44:00

2019-05-29  19:44:00 INFO: Signal 1 - Executing Trade

2019-05-29  19:44:00 INFO: JOB: Starting Manager

2019-05-29  19:44:38 INFO: INIT TRADE:20000.0~-~1.3513

2019-05-29  19:44:38 INFO: INIT TRADE:20000.0~-~1.3513

2019-05-29  19:45:00 INFO: TIME: 20190529  19:44:00~-~20190529  19:45:00

2019-05-29  19:45:27 INFO: CLOSED TRADE:20000.0~-~1.35115

2019-05-29  19:45:27 INFO: CLOSING LOGIC: HARD STOP

2019-05-29  19:45:28 INFO: JOB: Stopping Manager

2019-05-29  19:47:00 INFO: Initializing historical data

2019-05-29  19:48:00 INFO: TIME: 20190529  19:47:00~-~20190529  19:48:00

2019-05-29  19:48:01 INFO: Signal 1 - Executing Trade

2019-05-29  19:48:01 INFO: JOB: Starting Manager

2019-05-29  19:48:27 INFO: INIT TRADE:20000.0~-~1.35135

2019-05-29  19:48:27 INFO: INIT TRADE:20000.0~-~1.35135

2019-05-29  19:49:00 INFO: TIME: 20190529  19:48:00~-~20190529  19:49:00

2019-05-29  19:50:00 INFO: TIME: 20190529  19:49:00~-~20190529  19:50:00

